2026-06-23 16:00:08 [DEBUG] whisper.plugins: Loaded plugin: anti_vm
2026-06-23 16:00:08 [DEBUG] whisper.plugins: Loaded plugin: browser_harvest
2026-06-23 16:00:08 [DEBUG] whisper.plugins: Loaded plugin: clipboard
2026-06-23 16:00:08 [DEBUG] whisper.plugins: Loaded plugin: crypto_clipper
2026-06-23 16:00:08 [DEBUG] whisper.plugins: Loaded plugin: crypto_steal
2026-06-23 16:00:08 [DEBUG] whisper.plugins: Loaded plugin: dns_hijack
2026-06-23 16:00:08 [DEBUG] whisper.plugins: Loaded plugin: file_hunter
2026-06-23 16:00:08 [DEBUG] whisper.plugins: Loaded plugin: file_manager
2026-06-23 16:00:08 [DEBUG] whisper.plugins: Loaded plugin: hvnc
2026-06-23 16:00:08 [DEBUG] whisper.plugins: Loaded plugin: keylogger
2026-06-23 16:00:08 [DEBUG] whisper.plugins: Loaded plugin: lateral
2026-06-23 16:00:08 [DEBUG] whisper.plugins: Loaded plugin: persistence
2026-06-23 16:00:08 [DEBUG] whisper.plugins: Loaded plugin: process_inject
2026-06-23 16:00:08 [DEBUG] whisper.plugins: Loaded plugin: ransomware
2026-06-23 16:00:08 [DEBUG] whisper.plugins: Loaded plugin: screenshot
2026-06-23 16:00:08 [DEBUG] whisper.plugins: Loaded plugin: shell
2026-06-23 16:00:08 [DEBUG] whisper.plugins: Loaded plugin: uac_bypass
2026-06-23 16:00:08 [DEBUG] whisper.plugins: Loaded plugin: vuln_scan
2026-06-23 16:00:08 [DEBUG] whisper.plugins: Loaded plugin: webcam
2026-06-23 16:00:08 [DEBUG] whisper.plugins: Loaded plugin: wifi_harvest
